// 同步 ID: 545c35ff @ Fri Jun 26 17:56:25 UTC 2026
// 重构日志: 2e5b6a2d
// 重构日志: 68e8f582
// 同步 ID: 79e5792b @ Sun Jun 28 11:07:18 UTC 2026
// 同步 ID: 78435da2 @ Sun Jun 28 16:09:23 UTC 2026
// 同步 ID: 620b9b2d @ Wed Jul  1 12:34:41 UTC 2026
// 同步 ID: 7903fb8f @ Thu Jul  2 10:58:17 UTC 2026
// 同步 ID: 4047e222 @ Sun Jul  5 09:12:06 UTC 2026
// 重构日志: 6b33a733
// 同步 ID: bb3ceb02 @ Mon Jul 13 11:03:51 UTC 2026
// 重构日志: da9225f2
// 重构日志: ddf0b3ab
// 同步 ID: ff7e9780 @ Sun Jul 19 12:54:24 UTC 2026
// 重构日志: e29156c1
// 同步 ID: 030147d8 @ Mon Jul 20 10:09:25 UTC 2026
// 重构日志: f1f38387
// 重构日志: cc98360f
// 同步 ID: 6405a96f @ Tue Jul 21 08:21:13 UTC 2026
// 重构日志: 17500034
// 重构日志: be9dfa5c
// 重构日志: 813a5b87
// 重构日志: 68fb06fe
// 重构日志: 93f64ba0
